[1224/004145.355:ERROR:process_memory_win.cc(73)] ReadMemory at 0x7ff76a150000 of 64 bytes failed: Solo se completó una parte de una solicitud ReadProcessMemory o WriteProcessMemory. (0x12B)
[1224/004145.423:WARNING:pe_image_reader.cc(340)] could not read dos header from C:\Program Files (x86)\BraveSoftware\Brave-Browser\Application\brave.exe
[1224/004145.423:ERROR:process_memory_win.cc(73)] ReadMemory at 0x7ff9bfa20000 of 64 bytes failed: Solo se completó una parte de una solicitud ReadProcessMemory o WriteProcessMemory. (0x12B)
[1224/004145.423:WARNING:pe_image_reader.cc(340)] could not read dos header from C:\Windows\SYSTEM32\ntdll.dll
[1224/004145.424:ERROR:process_memory_win.cc(73)] ReadMemory at 0x7ff9bf920000 of 64 bytes failed: Solo se completó una parte de una solicitud ReadProcessMemory o WriteProcessMemory. (0x12B)
[1224/004145.425:WARNING:pe_image_reader.cc(340)] could not read dos header from C:\Windows\System32\KERNEL32.DLL
[1224/004145.425:ERROR:process_memory_win.cc(73)] ReadMemory at 0x7ff9bd050000 of 64 bytes failed: Solo se completó una parte de una solicitud ReadProcessMemory o WriteProcessMemory. (0x12B)
[1224/004145.425:WARNING:pe_image_reader.cc(340)] could not read dos header from C:\Windows\System32\KERNELBASE.dll
[1224/004145.425:ERROR:process_memory_win.cc(73)] ReadMemory at 0x7ff996000000 of 64 bytes failed: Solo se completó una parte de una solicitud ReadProcessMemory o WriteProcessMemory. (0x12B)
[1224/004145.425:WARNING:pe_image_reader.cc(340)] could not read dos header from C:\Program Files (x86)\BraveSoftware\Brave-Browser\Application\79.1.1.23\chrome_elf.dll
[1224/004145.425:ERROR:process_memory_win.cc(73)] ReadMemory at 0x7ff9b1790000 of 64 bytes failed: Solo se completó una parte de una solicitud ReadProcessMemory o WriteProcessMemory. (0x12B)
[1224/004145.425:WARNING:pe_image_reader.cc(340)] could not read dos header from C:\Windows\SYSTEM32\VERSION.dll
[1224/004145.425:ERROR:process_memory_win.cc(73)] ReadMemory at 0x7ff9be480000 of 64 bytes failed: Solo se completó una parte de una solicitud ReadProcessMemory o WriteProcessMemory. (0x12B)
[1224/004145.426:WARNING:pe_image_reader.cc(340)] could not read dos header from C:\Windows\System32\msvcrt.dll
[1224/004145.426:ERROR:process_memory_win.cc(73)] ReadMemory at 0x7ff9bcfd0000 of 64 bytes failed: Solo se completó una parte de una solicitud ReadProcessMemory o WriteProcessMemory. (0x12B)
[1224/004145.426:WARNING:pe_image_reader.cc(340)] could not read dos header from C:\Windows\System32\bcryptPrimitives.dll
[1224/004145.426:ERROR:process_memory_win.cc(73)] ReadMemory at 0x7ff9bded0000 of 64 bytes failed: Solo se completó una parte de una solicitud ReadProcessMemory o WriteProcessMemory. (0x12B)
[1224/004145.426:WARNING:pe_image_reader.cc(340)] could not read dos header from C:\Windows\System32\ADVAPI32.dll
[1224/004145.426:ERROR:process_memory_win.cc(73)] ReadMemory at 0x7ff9be000000 of 64 bytes failed: Solo se completó una parte de una solicitud ReadProcessMemory o WriteProcessMemory. (0x12B)
[1224/004145.426:WARNING:pe_image_reader.cc(340)] could not read dos header from C:\Windows\System32\sechost.dll
[1224/004145.426:ERROR:process_memory_win.cc(73)] ReadMemory at 0x7ff9bef40000 of 64 bytes failed: Solo se completó una parte de una solicitud ReadProcessMemory o WriteProcessMemory. (0x12B)
[1224/004145.426:WARNING:pe_image_reader.cc(340)] could not read dos header from C:\Windows\System32\RPCRT4.dll
[1224/004145.426:ERROR:process_memory_win.cc(73)] ReadMemory at 0x7ff9522e0000 of 64 bytes failed: Solo se completó una parte de una solicitud ReadProcessMemory o WriteProcessMemory. (0x12B)
[1224/004145.427:WARNING:pe_image_reader.cc(340)] could not read dos header from C:\Program Files (x86)\BraveSoftware\Brave-Browser\Application\79.1.1.23\chrome_child.dll
[1224/004145.427:ERROR:process_memory_win.cc(73)] ReadMemory at 0x7ff9be750000 of 64 bytes failed: Solo se completó una parte de una solicitud ReadProcessMemory o WriteProcessMemory. (0x12B)
[1224/004145.427:WARNING:pe_image_reader.cc(340)] could not read dos header from C:\Windows\System32\OLEAUT32.dll
[1224/004145.427:ERROR:process_memory_win.cc(73)] ReadMemory at 0x7ff9bcde0000 of 64 bytes failed: Solo se completó una parte de una solicitud ReadProcessMemory o WriteProcessMemory. (0x12B)
[1224/004145.427:WARNING:pe_image_reader.cc(340)] could not read dos header from C:\Windows\System32\msvcp_win.dll
[1224/004145.427:ERROR:process_memory_win.cc(73)] ReadMemory at 0x7ff9bcce0000 of 64 bytes failed: Solo se completó una parte de una solicitud ReadProcessMemory o WriteProcessMemory. (0x12B)
[1224/004145.427:WARNING:pe_image_reader.cc(340)] could not read dos header from C:\Windows\System32\ucrtbase.dll
[1224/004145.427:ERROR:process_memory_win.cc(73)] ReadMemory at 0x7ff9bdb90000 of 64 bytes failed: Solo se completó una parte de una solicitud ReadProcessMemory o WriteProcessMemory. (0x12B)
[1224/004145.427:WARNING:pe_image_reader.cc(340)] could not read dos header from C:\Windows\System32\combase.dll
[1224/004145.428:ERROR:process_memory_win.cc(73)] ReadMemory at 0x7ff9bf060000 of 64 bytes failed: Solo se completó una parte de una solicitud ReadProcessMemory o WriteProcessMemory. (0x12B)
[1224/004145.428:WARNING:pe_image_reader.cc(340)] could not read dos header from C:\Windows\System32\WS2_32.dll
[1224/004145.428:ERROR:process_memory_win.cc(73)] ReadMemory at 0x7ff9bc9b0000 of 64 bytes failed: Solo se completó una parte de una solicitud ReadProcessMemory o WriteProcessMemory. (0x12B)
[1224/004145.428:WARNING:pe_image_reader.cc(340)] could not read dos header from C:\Windows\System32\WINTRUST.dll
[1224/004145.428:ERROR:process_memory_win.cc(73)] ReadMemory at 0x7ff9bc900000 of 64 bytes failed: Solo se completó una parte de una solicitud ReadProcessMemory o WriteProcessMemory. (0x12B)
[1224/004145.428:WARNING:pe_image_reader.cc(340)] could not read dos header from C:\Windows\System32\MSASN1.dll
[1224/004145.428:ERROR:process_memory_win.cc(73)] ReadMemory at 0x7ff9bce80000 of 64 bytes failed: Solo se completó una parte de una solicitud ReadProcessMemory o WriteProcessMemory. (0x12B)
[1224/004145.428:WARNING:pe_image_reader.cc(340)] could not read dos header from C:\Windows\System32\CRYPT32.dll
[1224/004145.428:ERROR:process_memory_win.cc(73)] ReadMemory at 0x7ff9bbe10000 of 64 bytes failed: Solo se completó una parte de una solicitud ReadProcessMemory o WriteProcessMemory. (0x12B)
[1224/004145.428:WARNING:pe_image_reader.cc(340)] could not read dos header from C:\Windows\SYSTEM32\IPHLPAPI.DLL
[1224/004145.428:ERROR:process_memory_win.cc(73)] ReadMemory at 0x7ff9ba230000 of 64 bytes failed: Solo se completó una parte de una solicitud ReadProcessMemory o WriteProcessMemory. (0x12B)
[1224/004145.428:WARNING:pe_image_reader.cc(340)] could not read dos header from C:\Windows\SYSTEM32\WINMM.dll
[1224/004145.429:ERROR:process_memory_win.cc(73)] ReadMemory at 0x7ff9bc810000 of 64 bytes failed: Solo se completó una parte de una solicitud ReadProcessMemory o WriteProcessMemory. (0x12B)
[1224/004145.429:WARNING:pe_image_reader.cc(340)] could not read dos header from C:\Windows\SYSTEM32\USERENV.dll
[1224/004145.429:ERROR:process_memory_win.cc(73)] ReadMemory at 0x7ff9bc940000 of 64 bytes failed: Solo se completó una parte de una solicitud ReadProcessMemory o WriteProcessMemory. (0x12B)
[1224/004145.429:WARNING:pe_image_reader.cc(340)] could not read dos header from C:\Windows\System32\profapi.dll
[1224/004145.429:ERROR:process_memory_win.cc(73)] ReadMemory at 0x7ff9ac6d0000 of 64 bytes failed: Solo se completó una parte de una solicitud ReadProcessMemory o WriteProcessMemory. (0x12B)
[1224/004145.429:WARNING:pe_image_reader.cc(340)] could not read dos header from C:\Windows\SYSTEM32\DWrite.dll
[1224/004145.429:ERROR:process_memory_win.cc(73)] ReadMemory at 0x7ff9afa50000 of 64 bytes failed: Solo se completó una parte de una solicitud ReadProcessMemory o WriteProcessMemory. (0x12B)
[1224/004145.429:WARNING:pe_image_reader.cc(340)] could not read dos header from C:\Windows\SYSTEM32\WINSPOOL.DRV
[1224/004145.429:ERROR:process_memory_win.cc(73)] ReadMemory at 0x7ff9bc920000 of 64 bytes failed: Solo se completó una parte de una solicitud ReadProcessMemory o WriteProcessMemory. (0x12B)
[1224/004145.429:WARNING:pe_image_reader.cc(340)] could not read dos header from C:\Windows\System32\kernel.appcore.dll
[1224/004145.430:ERROR:process_memory_win.cc(73)] ReadMemory at 0x7ff9bca40000 of 64 bytes failed: Solo se completó una parte de una solicitud ReadProcessMemory o WriteProcessMemory. (0x12B)
[1224/004145.430:WARNING:pe_image_reader.cc(340)] could not read dos header from C:\Windows\System32\bcrypt.dll
[1224/004145.430:ERROR:process_memory_win.cc(73)] ReadMemory at 0x7ff9ad6c0000 of 64 bytes failed: Solo se completó una parte de una solicitud ReadProcessMemory o WriteProcessMemory. (0x12B)
[1224/004145.430:WARNING:pe_image_reader.cc(340)] could not read dos header from C:\Windows\SYSTEM32\dbghelp.dll
[1224/004145.430:ERROR:process_memory_win.cc(73)] ReadMemory at 0x7ff9a7650000 of 64 bytes failed: Solo se completó una parte de una solicitud ReadProcessMemory o WriteProcessMemory. (0x12B)
[1224/004145.430:WARNING:pe_image_reader.cc(340)] could not read dos header from C:\Windows\SYSTEM32\Secur32.dll
[1224/004145.430:ERROR:process_memory_win.cc(73)] ReadMemory at 0x7ff9b09b0000 of 64 bytes failed: Solo se completó una parte de una solicitud ReadProcessMemory o WriteProcessMemory. (0x12B)
[1224/004145.430:WARNING:pe_image_reader.cc(340)] could not read dos header from C:\Windows\SYSTEM32\WINHTTP.dll
[1224/004145.430:ERROR:process_memory_win.cc(73)] ReadMemory at 0x7ff9b2970000 of 64 bytes failed: Solo se completó una parte de una solicitud ReadProcessMemory o WriteProcessMemory. (0x12B)
[1224/004145.430:WARNING:pe_image_reader.cc(340)] could not read dos header from C:\Windows\SYSTEM32\dhcpcsvc.DLL
[1224/004145.431:ERROR:process_memory_win.cc(73)] ReadMemory at 0x7ff9be740000 of 64 bytes failed: Solo se completó una parte de una solicitud ReadProcessMemory o WriteProcessMemory. (0x12B)
[1224/004145.431:WARNING:pe_image_reader.cc(340)] could not read dos header from C:\Windows\System32\NSI.dll
[1224/004145.431:ERROR:process_memory_win.cc(73)] ReadMemory at 0x7ff9ba200000 of 64 bytes failed: Solo se completó una parte de una solicitud ReadProcessMemory o WriteProcessMemory. (0x12B)
[1224/004145.431:WARNING:pe_image_reader.cc(340)] could not read dos header from C:\Windows\SYSTEM32\WINMMBASE.dll
[1224/004145.431:ERROR:process_memory_win.cc(73)] ReadMemory at 0x7ff9bd300000 of 64 bytes failed: Solo se completó una parte de una solicitud ReadProcessMemory o WriteProcessMemory. (0x12B)
[1224/004145.431:WARNING:pe_image_reader.cc(340)] could not read dos header from C:\Windows\System32\cfgmgr32.dll
[1224/004145.431:ERROR:process_memory_win.cc(73)] ReadMemory at 0x7ff9b92b0000 of 64 bytes failed: Solo se completó una parte de una solicitud ReadProcessMemory o WriteProcessMemory. (0x12B)
[1224/004145.431:WARNING:pe_image_reader.cc(340)] could not read dos header from C:\Windows\SYSTEM32\PROPSYS.dll
[1224/004145.431:ERROR:process_memory_win.cc(73)] ReadMemory at 0x7ff9be670000 of 64 bytes failed: Solo se completó una parte de una solicitud ReadProcessMemory o WriteProcessMemory. (0x12B)
[1224/004145.432:WARNING:pe_image_reader.cc(340)] could not read dos header from C:\Windows\System32\shcore.dll
[1224/004145.432:ERROR:process_memory_win.cc(73)] ReadMemory at 0x7ff9bc7e0000 of 64 bytes failed: Solo se completó una parte de una solicitud ReadProcessMemory o WriteProcessMemory. (0x12B)
[1224/004145.432:WARNING:pe_image_reader.cc(340)] could not read dos header from C:\Windows\SYSTEM32\SSPICLI.DLL
[1224/004145.432:ERROR:process_memory_win.cc(73)] ReadMemory at 0x7ff9bc2d0000 of 64 bytes failed: Solo se completó una parte de una solicitud ReadProcessMemory o WriteProcessMemory. (0x12B)
[1224/004145.432:WARNING:pe_image_reader.cc(340)] could not read dos header from C:\Windows\SYSTEM32\CRYPTBASE.DLL
[1224/004145.432:ERROR:process_memory_win.cc(73)] ReadMemory at 0x7ff76a150000 of 64 bytes failed: Solo se completó una parte de una solicitud ReadProcessMemory o WriteProcessMemory. (0x12B)
[1224/004145.432:WARNING:pe_image_reader.cc(340)] could not read dos header from C:\Program Files (x86)\BraveSoftware\Brave-Browser\Application\brave.exe
[1224/004145.433:ERROR:process_memory_win.cc(73)] ReadMemory at 0x7ff9bfa20000 of 64 bytes failed: Solo se completó una parte de una solicitud ReadProcessMemory o WriteProcessMemory. (0x12B)
[1224/004145.433:WARNING:pe_image_reader.cc(340)] could not read dos header from C:\Windows\SYSTEM32\ntdll.dll
[1224/004145.433:ERROR:process_memory_win.cc(73)] ReadMemory at 0x7ff9bf920000 of 64 bytes failed: Solo se completó una parte de una solicitud ReadProcessMemory o WriteProcessMemory. (0x12B)
[1224/004145.433:WARNING:pe_image_reader.cc(340)] could not read dos header from C:\Windows\System32\KERNEL32.DLL
[1224/004145.433:ERROR:process_memory_win.cc(73)] ReadMemory at 0x7ff9bd050000 of 64 bytes failed: Solo se completó una parte de una solicitud ReadProcessMemory o WriteProcessMemory. (0x12B)
[1224/004145.433:WARNING:pe_image_reader.cc(340)] could not read dos header from C:\Windows\System32\KERNELBASE.dll
[1224/004145.433:ERROR:process_memory_win.cc(73)] ReadMemory at 0x7ff996000000 of 64 bytes failed: Solo se completó una parte de una solicitud ReadProcessMemory o WriteProcessMemory. (0x12B)
[1224/004145.433:WARNING:pe_image_reader.cc(340)] could not read dos header from C:\Program Files (x86)\BraveSoftware\Brave-Browser\Application\79.1.1.23\chrome_elf.dll
[1224/004145.434:ERROR:process_memory_win.cc(73)] ReadMemory at 0x7ff9b1790000 of 64 bytes failed: Solo se completó una parte de una solicitud ReadProcessMemory o WriteProcessMemory. (0x12B)
[1224/004145.434:WARNING:pe_image_reader.cc(340)] could not read dos header from C:\Windows\SYSTEM32\VERSION.dll
[1224/004145.434:ERROR:process_memory_win.cc(73)] ReadMemory at 0x7ff9be480000 of 64 bytes failed: Solo se completó una parte de una solicitud ReadProcessMemory o WriteProcessMemory. (0x12B)
[1224/004145.434:WARNING:pe_image_reader.cc(340)] could not read dos header from C:\Windows\System32\msvcrt.dll
[1224/004145.434:ERROR:process_memory_win.cc(73)] ReadMemory at 0x7ff9bcfd0000 of 64 bytes failed: Solo se completó una parte de una solicitud ReadProcessMemory o WriteProcessMemory. (0x12B)
[1224/004145.434:WARNING:pe_image_reader.cc(340)] could not read dos header from C:\Windows\System32\bcryptPrimitives.dll
[1224/004145.434:ERROR:process_memory_win.cc(73)] ReadMemory at 0x7ff9bded0000 of 64 bytes failed: Solo se completó una parte de una solicitud ReadProcessMemory o WriteProcessMemory. (0x12B)
[1224/004145.434:WARNING:pe_image_reader.cc(340)] could not read dos header from C:\Windows\System32\ADVAPI32.dll
[1224/004145.434:ERROR:process_memory_win.cc(73)] ReadMemory at 0x7ff9be000000 of 64 bytes failed: Solo se completó una parte de una solicitud ReadProcessMemory o WriteProcessMemory. (0x12B)
[1224/004145.434:WARNING:pe_image_reader.cc(340)] could not read dos header from C:\Windows\System32\sechost.dll
[1224/004145.434:ERROR:process_memory_win.cc(73)] ReadMemory at 0x7ff9bef40000 of 64 bytes failed: Solo se completó una parte de una solicitud ReadProcessMemory o WriteProcessMemory. (0x12B)
[1224/004145.434:WARNING:pe_image_reader.cc(340)] could not read dos header from C:\Windows\System32\RPCRT4.dll
[1224/004145.435:ERROR:process_memory_win.cc(73)] ReadMemory at 0x7ff9522e0000 of 64 bytes failed: Solo se completó una parte de una solicitud ReadProcessMemory o WriteProcessMemory. (0x12B)
[1224/004145.435:WARNING:pe_image_reader.cc(340)] could not read dos header from C:\Program Files (x86)\BraveSoftware\Brave-Browser\Application\79.1.1.23\chrome_child.dll
[1224/004145.435:ERROR:process_memory_win.cc(73)] ReadMemory at 0x7ff9be750000 of 64 bytes failed: Solo se completó una parte de una solicitud ReadProcessMemory o WriteProcessMemory. (0x12B)
[1224/004145.435:WARNING:pe_image_reader.cc(340)] could not read dos header from C:\Windows\System32\OLEAUT32.dll
[1224/004145.435:ERROR:process_memory_win.cc(73)] ReadMemory at 0x7ff9bcde0000 of 64 bytes failed: Solo se completó una parte de una solicitud ReadProcessMemory o WriteProcessMemory. (0x12B)
[1224/004145.435:WARNING:pe_image_reader.cc(340)] could not read dos header from C:\Windows\System32\msvcp_win.dll
[1224/004145.452:ERROR:process_memory_win.cc(73)] ReadMemory at 0x7ff9bcce0000 of 64 bytes failed: Solo se completó una parte de una solicitud ReadProcessMemory o WriteProcessMemory. (0x12B)
[1224/004145.452:WARNING:pe_image_reader.cc(340)] could not read dos header from C:\Windows\System32\ucrtbase.dll
[1224/004145.452:ERROR:process_memory_win.cc(73)] ReadMemory at 0x7ff9bdb90000 of 64 bytes failed: Solo se completó una parte de una solicitud ReadProcessMemory o WriteProcessMemory. (0x12B)
[1224/004145.452:WARNING:pe_image_reader.cc(340)] could not read dos header from C:\Windows\System32\combase.dll
[1224/004145.452:ERROR:process_memory_win.cc(73)] ReadMemory at 0x7ff9bf060000 of 64 bytes failed: Solo se completó una parte de una solicitud ReadProcessMemory o WriteProcessMemory. (0x12B)
[1224/004145.452:WARNING:pe_image_reader.cc(340)] could not read dos header from C:\Windows\System32\WS2_32.dll
[1224/004145.452:ERROR:process_memory_win.cc(73)] ReadMemory at 0x7ff9bc9b0000 of 64 bytes failed: Solo se completó una parte de una solicitud ReadProcessMemory o WriteProcessMemory. (0x12B)
[1224/004145.453:WARNING:pe_image_reader.cc(340)] could not read dos header from C:\Windows\System32\WINTRUST.dll
[1224/004145.453:ERROR:process_memory_win.cc(73)] ReadMemory at 0x7ff9bc900000 of 64 bytes failed: Solo se completó una parte de una solicitud ReadProcessMemory o WriteProcessMemory. (0x12B)
[1224/004145.453:WARNING:pe_image_reader.cc(340)] could not read dos header from C:\Windows\System32\MSASN1.dll
[1224/004145.453:ERROR:process_memory_win.cc(73)] ReadMemory at 0x7ff9bce80000 of 64 bytes failed: Solo se completó una parte de una solicitud ReadProcessMemory o WriteProcessMemory. (0x12B)
[1224/004145.454:WARNING:pe_image_reader.cc(340)] could not read dos header from C:\Windows\System32\CRYPT32.dll
[1224/004145.454:ERROR:process_memory_win.cc(73)] ReadMemory at 0x7ff9bbe10000 of 64 bytes failed: Solo se completó una parte de una solicitud ReadProcessMemory o WriteProcessMemory. (0x12B)
[1224/004145.454:WARNING:pe_image_reader.cc(340)] could not read dos header from C:\Windows\SYSTEM32\IPHLPAPI.DLL
[1224/004145.454:ERROR:process_memory_win.cc(73)] ReadMemory at 0x7ff9ba230000 of 64 bytes failed: Solo se completó una parte de una solicitud ReadProcessMemory o WriteProcessMemory. (0x12B)
[1224/004145.454:WARNING:pe_image_reader.cc(340)] could not read dos header from C:\Windows\SYSTEM32\WINMM.dll
[1224/004145.454:ERROR:process_memory_win.cc(73)] ReadMemory at 0x7ff9bc810000 of 64 bytes failed: Solo se completó una parte de una solicitud ReadProcessMemory o WriteProcessMemory. (0x12B)
[1224/004145.454:WARNING:pe_image_reader.cc(340)] could not read dos header from C:\Windows\SYSTEM32\USERENV.dll
[1224/004145.454:ERROR:process_memory_win.cc(73)] ReadMemory at 0x7ff9bc940000 of 64 bytes failed: Solo se completó una parte de una solicitud ReadProcessMemory o WriteProcessMemory. (0x12B)
[1224/004145.454:WARNING:pe_image_reader.cc(340)] could not read dos header from C:\Windows\System32\profapi.dll
[1224/004145.455:ERROR:process_memory_win.cc(73)] ReadMemory at 0x7ff9ac6d0000 of 64 bytes failed: Solo se completó una parte de una solicitud ReadProcessMemory o WriteProcessMemory. (0x12B)
[1224/004145.455:WARNING:pe_image_reader.cc(340)] could not read dos header from C:\Windows\SYSTEM32\DWrite.dll
[1224/004145.455:ERROR:process_memory_win.cc(73)] ReadMemory at 0x7ff9afa50000 of 64 bytes failed: Solo se completó una parte de una solicitud ReadProcessMemory o WriteProcessMemory. (0x12B)
[1224/004145.455:WARNING:pe_image_reader.cc(340)] could not read dos header from C:\Windows\SYSTEM32\WINSPOOL.DRV
[1224/004145.455:ERROR:process_memory_win.cc(73)] ReadMemory at 0x7ff9bc920000 of 64 bytes failed: Solo se completó una parte de una solicitud ReadProcessMemory o WriteProcessMemory. (0x12B)
[1224/004145.455:WARNING:pe_image_reader.cc(340)] could not read dos header from C:\Windows\System32\kernel.appcore.dll
[1224/004145.455:ERROR:process_memory_win.cc(73)] ReadMemory at 0x7ff9bca40000 of 64 bytes failed: Solo se completó una parte de una solicitud ReadProcessMemory o WriteProcessMemory. (0x12B)
[1224/004145.455:WARNING:pe_image_reader.cc(340)] could not read dos header from C:\Windows\System32\bcrypt.dll
[1224/004145.455:ERROR:process_memory_win.cc(73)] ReadMemory at 0x7ff9ad6c0000 of 64 bytes failed: Solo se completó una parte de una solicitud ReadProcessMemory o WriteProcessMemory. (0x12B)
[1224/004145.455:WARNING:pe_image_reader.cc(340)] could not read dos header from C:\Windows\SYSTEM32\dbghelp.dll
[1224/004145.455:ERROR:process_memory_win.cc(73)] ReadMemory at 0x7ff9a7650000 of 64 bytes failed: Solo se completó una parte de una solicitud ReadProcessMemory o WriteProcessMemory. (0x12B)
[1224/004145.456:WARNING:pe_image_reader.cc(340)] could not read dos header from C:\Windows\SYSTEM32\Secur32.dll
[1224/004145.456:ERROR:process_memory_win.cc(73)] ReadMemory at 0x7ff9b09b0000 of 64 bytes failed: Solo se completó una parte de una solicitud ReadProcessMemory o WriteProcessMemory. (0x12B)
[1224/004145.456:WARNING:pe_image_reader.cc(340)] could not read dos header from C:\Windows\SYSTEM32\WINHTTP.dll
[1224/004145.456:ERROR:process_memory_win.cc(73)] ReadMemory at 0x7ff9b2970000 of 64 bytes failed: Solo se completó una parte de una solicitud ReadProcessMemory o WriteProcessMemory. (0x12B)
[1224/004145.456:WARNING:pe_image_reader.cc(340)] could not read dos header from C:\Windows\SYSTEM32\dhcpcsvc.DLL
[1224/004145.456:ERROR:process_memory_win.cc(73)] ReadMemory at 0x7ff9be740000 of 64 bytes failed: Solo se completó una parte de una solicitud ReadProcessMemory o WriteProcessMemory. (0x12B)
[1224/004145.456:WARNING:pe_image_reader.cc(340)] could not read dos header from C:\Windows\System32\NSI.dll
[1224/004145.456:ERROR:process_memory_win.cc(73)] ReadMemory at 0x7ff9ba200000 of 64 bytes failed: Solo se completó una parte de una solicitud ReadProcessMemory o WriteProcessMemory. (0x12B)
[1224/004145.456:WARNING:pe_image_reader.cc(340)] could not read dos header from C:\Windows\SYSTEM32\WINMMBASE.dll
[1224/004145.457:ERROR:process_memory_win.cc(73)] ReadMemory at 0x7ff9bd300000 of 64 bytes failed: Solo se completó una parte de una solicitud ReadProcessMemory o WriteProcessMemory. (0x12B)
[1224/004145.457:WARNING:pe_image_reader.cc(340)] could not read dos header from C:\Windows\System32\cfgmgr32.dll
[1224/004145.457:ERROR:process_memory_win.cc(73)] ReadMemory at 0x7ff9b92b0000 of 64 bytes failed: Solo se completó una parte de una solicitud ReadProcessMemory o WriteProcessMemory. (0x12B)
[1224/004145.457:WARNING:pe_image_reader.cc(340)] could not read dos header from C:\Windows\SYSTEM32\PROPSYS.dll
[1224/004145.457:ERROR:process_memory_win.cc(73)] ReadMemory at 0x7ff9be670000 of 64 bytes failed: Solo se completó una parte de una solicitud ReadProcessMemory o WriteProcessMemory. (0x12B)
[1224/004145.457:WARNING:pe_image_reader.cc(340)] could not read dos header from C:\Windows\System32\shcore.dll
[1224/004145.457:ERROR:process_memory_win.cc(73)] ReadMemory at 0x7ff9bc7e0000 of 64 bytes failed: Solo se completó una parte de una solicitud ReadProcessMemory o WriteProcessMemory. (0x12B)
[1224/004145.457:WARNING:pe_image_reader.cc(340)] could not read dos header from C:\Windows\SYSTEM32\SSPICLI.DLL
[1224/004145.457:ERROR:process_memory_win.cc(73)] ReadMemory at 0x7ff9bc2d0000 of 64 bytes failed: Solo se completó una parte de una solicitud ReadProcessMemory o WriteProcessMemory. (0x12B)
[1224/004145.457:WARNING:pe_image_reader.cc(340)] could not read dos header from C:\Windows\SYSTEM32\CRYPTBASE.DLL
[1224/004145.561:ERROR:process_memory_win.cc(73)] ReadMemory at 0x32223f2000 of 57344 bytes failed: Solo se completó una parte de una solicitud ReadProcessMemory o WriteProcessMemory. (0x12B)
[1224/004145.561:ERROR:process_memory_win.cc(73)] ReadMemory at 0x3222bfd000 of 12288 bytes failed: Solo se completó una parte de una solicitud ReadProcessMemory o WriteProcessMemory. (0x12B)
[1224/004145.561:ERROR:process_memory_win.cc(73)] ReadMemory at 0x3223bfd000 of 12288 bytes failed: Solo se completó una parte de una solicitud ReadProcessMemory o WriteProcessMemory. (0x12B)
[1224/004145.562:ERROR:process_memory_win.cc(73)] ReadMemory at 0x32243fc000 of 16384 bytes failed: Solo se completó una parte de una solicitud ReadProcessMemory o WriteProcessMemory. (0x12B)
[1224/004145.562:ERROR:process_memory_win.cc(73)] ReadMemory at 0x3224bfe000 of 8192 bytes failed: Solo se completó una parte de una solicitud ReadProcessMemory o WriteProcessMemory. (0x12B)
[1224/004145.562:ERROR:process_memory_win.cc(73)] ReadMemory at 0x32253fd000 of 12288 bytes failed: Solo se completó una parte de una solicitud ReadProcessMemory o WriteProcessMemory. (0x12B)
[1224/004145.562:ERROR:process_memory_win.cc(73)] ReadMemory at 0x3225bfb000 of 20480 bytes failed: Solo se completó una parte de una solicitud ReadProcessMemory o WriteProcessMemory. (0x12B)
[1224/004145.562:ERROR:process_memory_win.cc(73)] ReadMemory at 0x32263fd000 of 12288 bytes failed: Solo se completó una parte de una solicitud ReadProcessMemory o WriteProcessMemory. (0x12B)
[1224/004145.562:ERROR:process_memory_win.cc(73)] ReadMemory at 0x32273f9000 of 28672 bytes failed: Solo se completó una parte de una solicitud ReadProcessMemory o WriteProcessMemory. (0x12B)
[1224/004145.562:ERROR:process_memory_win.cc(73)] ReadMemory at 0x3227bfa000 of 24576 bytes failed: Solo se completó una parte de una solicitud ReadProcessMemory o WriteProcessMemory. (0x12B)
[1224/004145.563:ERROR:process_memory_win.cc(73)] ReadMemory at 0x32283fd000 of 12288 bytes failed: Solo se completó una parte de una solicitud ReadProcessMemory o WriteProcessMemory. (0x12B)
[1224/004145.563:ERROR:process_memory_win.cc(73)] ReadMemory at 0x32233fd000 of 12288 bytes failed: Solo se completó una parte de una solicitud ReadProcessMemory o WriteProcessMemory. (0x12B)
[1224/004145.563:ERROR:process_memory_win.cc(73)] ReadMemory at 0x32293f6000 of 40960 bytes failed: Solo se completó una parte de una solicitud ReadProcessMemory o WriteProcessMemory. (0x12B)
[1224/004145.563:ERROR:process_memory_win.cc(73)] ReadMemory at 0x3226bfa000 of 24576 bytes failed: Solo se completó una parte de una solicitud ReadProcessMemory o WriteProcessMemory. (0x12B)
[1224/004145.563:ERROR:process_memory_win.cc(73)] ReadMemory at 0x3228bf6000 of 40960 bytes failed: Solo se completó una parte de una solicitud ReadProcessMemory o WriteProcessMemory. (0x12B)
[1224/004145.563:ERROR:process_memory_win.cc(73)] ReadMemory at 0x3229bfe000 of 8192 bytes failed: Solo se completó una parte de una solicitud ReadProcessMemory o WriteProcessMemory. (0x12B)
[1224/004145.563:ERROR:process_memory_win.cc(73)] ReadMemory at 0x3221b2e000 of 852 bytes failed: Solo se completó una parte de una solicitud ReadProcessMemory o WriteProcessMemory. (0x12B)
[1224/004145.564:ERROR:process_memory_win.cc(73)] ReadMemory at 0x3221b2f000 of 6024 bytes failed: Solo se completó una parte de una solicitud ReadProcessMemory o WriteProcessMemory. (0x12B)
[1224/004145.564:ERROR:process_memory_win.cc(73)] ReadMemory at 0x3221b31000 of 6024 bytes failed: Solo se completó una parte de una solicitud ReadProcessMemory o WriteProcessMemory. (0x12B)
[1224/004145.564:ERROR:process_memory_win.cc(73)] ReadMemory at 0x3221b35000 of 6024 bytes failed: Solo se completó una parte de una solicitud ReadProcessMemory o WriteProcessMemory. (0x12B)
[1224/004145.564:ERROR:process_memory_win.cc(73)] ReadMemory at 0x3221b37000 of 6024 bytes failed: Solo se completó una parte de una solicitud ReadProcessMemory o WriteProcessMemory. (0x12B)
[1224/004145.564:ERROR:process_memory_win.cc(73)] ReadMemory at 0x3221b39000 of 6024 bytes failed: Solo se completó una parte de una solicitud ReadProcessMemory o WriteProcessMemory. (0x12B)
[1224/004145.564:ERROR:process_memory_win.cc(73)] ReadMemory at 0x3221b3b000 of 6024 bytes failed: Solo se completó una parte de una solicitud ReadProcessMemory o WriteProcessMemory. (0x12B)
[1224/004145.564:ERROR:process_memory_win.cc(73)] ReadMemory at 0x3221b3d000 of 6024 bytes failed: Solo se completó una parte de una solicitud ReadProcessMemory o WriteProcessMemory. (0x12B)
[1224/004145.564:ERROR:process_memory_win.cc(73)] ReadMemory at 0x3221b3f000 of 6024 bytes failed: Solo se completó una parte de una solicitud ReadProcessMemory o WriteProcessMemory. (0x12B)
[1224/004145.564:ERROR:process_memory_win.cc(73)] ReadMemory at 0x3221b43000 of 6024 bytes failed: Solo se completó una parte de una solicitud ReadProcessMemory o WriteProcessMemory. (0x12B)
[1224/004145.564:ERROR:process_memory_win.cc(73)] ReadMemory at 0x3221b45000 of 6024 bytes failed: Solo se completó una parte de una solicitud ReadProcessMemory o WriteProcessMemory. (0x12B)
[1224/004145.564:ERROR:process_memory_win.cc(73)] ReadMemory at 0x3221b47000 of 6024 bytes failed: Solo se completó una parte de una solicitud ReadProcessMemory o WriteProcessMemory. (0x12B)
[1224/004145.564:ERROR:process_memory_win.cc(73)] ReadMemory at 0x3221b4d000 of 6024 bytes failed: Solo se completó una parte de una solicitud ReadProcessMemory o WriteProcessMemory. (0x12B)
[1224/004145.564:ERROR:process_memory_win.cc(73)] ReadMemory at 0x3221b51000 of 6024 bytes failed: Solo se completó una parte de una solicitud ReadProcessMemory o WriteProcessMemory. (0x12B)
[1224/004145.565:ERROR:process_memory_win.cc(73)] ReadMemory at 0x3221b53000 of 6024 bytes failed: Solo se completó una parte de una solicitud ReadProcessMemory o WriteProcessMemory. (0x12B)
[1224/004145.565:ERROR:process_memory_win.cc(73)] ReadMemory at 0x3221b55000 of 6024 bytes failed: Solo se completó una parte de una solicitud ReadProcessMemory o WriteProcessMemory. (0x12B)
[1224/004145.565:ERROR:process_memory_win.cc(73)] ReadMemory at 0x3221b57000 of 6024 bytes failed: Solo se completó una parte de una solicitud ReadProcessMemory o WriteProcessMemory. (0x12B)
[1224/004145.565:ERROR:process_memory_win.cc(73)] ReadMemory at 0x22a71013580 of 512 bytes failed: Solo se completó una parte de una solicitud ReadProcessMemory o WriteProcessMemory. (0x12B)
[1224/004145.565:ERROR:process_memory_win.cc(73)] ReadMemory at 0x22a710b0fe0 of 15344 bytes failed: Solo se completó una parte de una solicitud ReadProcessMemory o WriteProcessMemory. (0x12B)
[1224/004145.565:ERROR:process_memory_win.cc(73)] ReadMemory at 0x22a710b4be0 of 1012 bytes failed: Solo se completó una parte de una solicitud ReadProcessMemory o WriteProcessMemory. (0x12B)
[1224/004145.565:ERROR:process_memory_win.cc(73)] ReadMemory at 0x22a710b5228 of 144 bytes failed: Solo se completó una parte de una solicitud ReadProcessMemory o WriteProcessMemory. (0x12B)
[1224/004145.567:ERROR:process_memory_win.cc(73)] ReadMemory at 0x22a710b52ba of 1658 bytes failed: Solo se completó una parte de una solicitud ReadProcessMemory o WriteProcessMemory. (0x12B)
[1224/004145.567:ERROR:process_memory_win.cc(73)] ReadMemory at 0x22a710b5936 of 144 bytes failed: Solo se completó una parte de una solicitud ReadProcessMemory o WriteProcessMemory. (0x12B)
[1224/004145.567:ERROR:process_memory_win.cc(73)] ReadMemory at 0x22a710b59c8 of 98 bytes failed: Solo se completó una parte de una solicitud ReadProcessMemory o WriteProcessMemory. (0x12B)
[1224/004145.568:ERROR:process_memory_win.cc(73)] ReadMemory at 0x22a710b5a40 of 58 bytes failed: Solo se completó una parte de una solicitud ReadProcessMemory o WriteProcessMemory. (0x12B)
[1224/004145.568:ERROR:process_memory_win.cc(73)] ReadMemory at 0x22a710b5b40 of 132 bytes failed: Solo se completó una parte de una solicitud ReadProcessMemory o WriteProcessMemory. (0x12B)
[1224/004145.568:ERROR:process_memory_win.cc(73)] ReadMemory at 0x22a710b5cd0 of 132 bytes failed: Solo se completó una parte de una solicitud ReadProcessMemory o WriteProcessMemory. (0x12B)
[1224/004145.568:ERROR:process_memory_win.cc(73)] ReadMemory at 0x22a710b5e90 of 146 bytes failed: Solo se completó una parte de una solicitud ReadProcessMemory o WriteProcessMemory. (0x12B)
[1224/004145.568:ERROR:process_memory_win.cc(73)] ReadMemory at 0x22a710b6270 of 132 bytes failed: Solo se completó una parte de una solicitud ReadProcessMemory o WriteProcessMemory. (0x12B)
[1224/004145.568:ERROR:process_memory_win.cc(73)] ReadMemory at 0x22a710b6400 of 64 bytes failed: Solo se completó una parte de una solicitud ReadProcessMemory o WriteProcessMemory. (0x12B)
[1224/004145.568:ERROR:process_memory_win.cc(73)] ReadMemory at 0x22a710b6450 of 132 bytes failed: Solo se completó una parte de una solicitud ReadProcessMemory o WriteProcessMemory. (0x12B)
[1224/004145.568:ERROR:process_memory_win.cc(73)] ReadMemory at 0x22a710b65d0 of 132 bytes failed: Solo se completó una parte de una solicitud ReadProcessMemory o WriteProcessMemory. (0x12B)
[1224/004145.568:ERROR:process_memory_win.cc(73)] ReadMemory at 0x22a710b6860 of 132 bytes failed: Solo se completó una parte de una solicitud ReadProcessMemory o WriteProcessMemory. (0x12B)
[1224/004145.568:ERROR:process_memory_win.cc(73)] ReadMemory at 0x22a710b69f0 of 68 bytes failed: Solo se completó una parte de una solicitud ReadProcessMemory o WriteProcessMemory. (0x12B)
[1224/004145.568:ERROR:process_memory_win.cc(73)] ReadMemory at 0x22a710b7c80 of 132 bytes failed: Solo se completó una parte de una solicitud ReadProcessMemory o WriteProcessMemory. (0x12B)
[1224/004145.568:ERROR:process_memory_win.cc(73)] ReadMemory at 0x22a710b7e10 of 174 bytes failed: Solo se completó una parte de una solicitud ReadProcessMemory o WriteProcessMemory. (0x12B)
[1224/004145.568:ERROR:process_memory_win.cc(73)] ReadMemory at 0x22a710b8ce0 of 62 bytes failed: Solo se completó una parte de una solicitud ReadProcessMemory o WriteProcessMemory. (0x12B)
[1224/004145.568:ERROR:process_memory_win.cc(73)] ReadMemory at 0x22a710b8d60 of 178 bytes failed: Solo se completó una parte de una solicitud ReadProcessMemory o WriteProcessMemory. (0x12B)
[1224/004145.569:ERROR:process_memory_win.cc(73)] ReadMemory at 0x22a710b8e40 of 132 bytes failed: Solo se completó una parte de una solicitud ReadProcessMemory o WriteProcessMemory. (0x12B)
[1224/004145.569:ERROR:process_memory_win.cc(73)] ReadMemory at 0x22a710b8fd0 of 60 bytes failed: Solo se completó una parte de una solicitud ReadProcessMemory o WriteProcessMemory. (0x12B)
[1224/004145.569:ERROR:process_memory_win.cc(73)] ReadMemory at 0x22a710b9c40 of 132 bytes failed: Solo se completó una parte de una solicitud ReadProcessMemory o WriteProcessMemory. (0x12B)
[1224/004145.569:ERROR:process_memory_win.cc(73)] ReadMemory at 0x22a710b9e50 of 132 bytes failed: Solo se completó una parte de una solicitud ReadProcessMemory o WriteProcessMemory. (0x12B)
[1224/004145.619:ERROR:process_memory_win.cc(73)] ReadMemory at 0x22a710ba050 of 132 bytes failed: Solo se completó una parte de una solicitud ReadProcessMemory o WriteProcessMemory. (0x12B)
[1224/004145.619:ERROR:process_memory_win.cc(73)] ReadMemory at 0x22a710ba180 of 132 bytes failed: Solo se completó una parte de una solicitud ReadProcessMemory o WriteProcessMemory. (0x12B)
[1224/004145.619:ERROR:process_memory_win.cc(73)] ReadMemory at 0x22a710bcd80 of 132 bytes failed: Solo se completó una parte de una solicitud ReadProcessMemory o WriteProcessMemory. (0x12B)
[1224/004145.619:ERROR:process_memory_win.cc(73)] ReadMemory at 0x22a710bcf10 of 80 bytes failed: Solo se completó una parte de una solicitud ReadProcessMemory o WriteProcessMemory. (0x12B)
[1224/004145.633:ERROR:process_memory_win.cc(73)] ReadMemory at 0x22a710bd260 of 64 bytes failed: Solo se completó una parte de una solicitud ReadProcessMemory o WriteProcessMemory. (0x12B)
[1224/004145.633:ERROR:process_memory_win.cc(73)] ReadMemory at 0x22a710bd2b0 of 66 bytes failed: Solo se completó una parte de una solicitud ReadProcessMemory o WriteProcessMemory. (0x12B)
[1224/004145.634:ERROR:process_memory_win.cc(73)] ReadMemory at 0x22a710bd3a0 of 60 bytes failed: Solo se completó una parte de una solicitud ReadProcessMemory o WriteProcessMemory. (0x12B)
[1224/004145.634:ERROR:process_memory_win.cc(73)] ReadMemory at 0x22a710bd3f0 of 64 bytes failed: Solo se completó una parte de una solicitud ReadProcessMemory o WriteProcessMemory. (0x12B)
[1224/004145.634:ERROR:process_memory_win.cc(73)] ReadMemory at 0x22a710bd580 of 64 bytes failed: Solo se completó una parte de una solicitud ReadProcessMemory o WriteProcessMemory. (0x12B)
[1224/004145.634:ERROR:process_memory_win.cc(73)] ReadMemory at 0x22a710bd5d0 of 64 bytes failed: Solo se completó una parte de una solicitud ReadProcessMemory o WriteProcessMemory. (0x12B)
[1224/004145.635:ERROR:process_memory_win.cc(73)] ReadMemory at 0x22a710bd620 of 62 bytes failed: Solo se completó una parte de una solicitud ReadProcessMemory o WriteProcessMemory. (0x12B)
[1224/004145.635:ERROR:process_memory_win.cc(73)] ReadMemory at 0x22a710bd670 of 60 bytes failed: Solo se completó una parte de una solicitud ReadProcessMemory o WriteProcessMemory. (0x12B)
[1224/004145.635:ERROR:process_memory_win.cc(73)] ReadMemory at 0x22a710bd760 of 62 bytes failed: Solo se completó una parte de una solicitud ReadProcessMemory o WriteProcessMemory. (0x12B)
[1224/004145.635:ERROR:process_memory_win.cc(73)] ReadMemory at 0x22a710bdc70 of 132 bytes failed: Solo se completó una parte de una solicitud ReadProcessMemory o WriteProcessMemory. (0x12B)
[1224/004145.635:ERROR:process_memory_win.cc(73)] ReadMemory at 0x22a710bdda0 of 132 bytes failed: Solo se completó una parte de una solicitud ReadProcessMemory o WriteProcessMemory. (0x12B)
[1224/004145.635:ERROR:process_memory_win.cc(73)] ReadMemory at 0x22a710bded0 of 132 bytes failed: Solo se completó una parte de una solicitud ReadProcessMemory o WriteProcessMemory. (0x12B)
[1224/004145.636:ERROR:process_memory_win.cc(73)] ReadMemory at 0x22a710be000 of 132 bytes failed: Solo se completó una parte de una solicitud ReadProcessMemory o WriteProcessMemory. (0x12B)
[1224/004145.636:ERROR:process_memory_win.cc(73)] ReadMemory at 0x22a710be130 of 132 bytes failed: Solo se completó una parte de una solicitud ReadProcessMemory o WriteProcessMemory. (0x12B)
[1224/004145.637:ERROR:process_memory_win.cc(73)] ReadMemory at 0x22a710be260 of 132 bytes failed: Solo se completó una parte de una solicitud ReadProcessMemory o WriteProcessMemory. (0x12B)
[1224/004145.637:ERROR:process_memory_win.cc(73)] ReadMemory at 0x22a710be4c0 of 132 bytes failed: Solo se completó una parte de una solicitud ReadProcessMemory o WriteProcessMemory. (0x12B)
[1224/004145.637:ERROR:process_memory_win.cc(73)] ReadMemory at 0x22a710be5f0 of 132 bytes failed: Solo se completó una parte de una solicitud ReadProcessMemory o WriteProcessMemory. (0x12B)
[1224/004145.638:ERROR:process_memory_win.cc(73)] ReadMemory at 0x22a710be720 of 132 bytes failed: Solo se completó una parte de una solicitud ReadProcessMemory o WriteProcessMemory. (0x12B)
[1224/004145.638:ERROR:process_memory_win.cc(73)] ReadMemory at 0x22a710be850 of 132 bytes failed: Solo se completó una parte de una solicitud ReadProcessMemory o WriteProcessMemory. (0x12B)
[1224/004145.638:ERROR:process_memory_win.cc(73)] ReadMemory at 0x22a710be980 of 132 bytes failed: Solo se completó una parte de una solicitud ReadProcessMemory o WriteProcessMemory. (0x12B)
[1224/004145.638:ERROR:process_memory_win.cc(73)] ReadMemory at 0x22a710beab0 of 132 bytes failed: Solo se completó una parte de una solicitud ReadProcessMemory o WriteProcessMemory. (0x12B)
[1224/004145.639:ERROR:process_memory_win.cc(73)] ReadMemory at 0x22a710c0240 of 132 bytes failed: Solo se completó una parte de una solicitud ReadProcessMemory o WriteProcessMemory. (0x12B)
[1224/004145.639:ERROR:process_memory_win.cc(73)] ReadMemory at 0x22a710c26f0 of 54 bytes failed: Solo se completó una parte de una solicitud ReadProcessMemory o WriteProcessMemory. (0x12B)
[1224/004145.639:ERROR:process_memory_win.cc(73)] ReadMemory at 0x22a710c32a0 of 132 bytes failed: Solo se completó una parte de una solicitud ReadProcessMemory o WriteProcessMemory. (0x12B)
[1224/004145.639:ERROR:process_memory_win.cc(73)] ReadMemory at 0x22a710c33d0 of 132 bytes failed: Solo se completó una parte de una solicitud ReadProcessMemory o WriteProcessMemory. (0x12B)
[1224/004145.640:ERROR:process_memory_win.cc(73)] ReadMemory at 0x22a710c39f0 of 132 bytes failed: Solo se completó una parte de una solicitud ReadProcessMemory o WriteProcessMemory. (0x12B)
[1224/004145.640:ERROR:process_memory_win.cc(73)] ReadMemory at 0x22a710c9940 of 76 bytes failed: Solo se completó una parte de una solicitud ReadProcessMemory o WriteProcessMemory. (0x12B)
[1224/004145.652:ERROR:process_memory_win.cc(73)] ReadMemory at 0x22a710ca220 of 60 bytes failed: Solo se completó una parte de una solicitud ReadProcessMemory o WriteProcessMemory. (0x12B)
[1224/004145.653:ERROR:process_memory_win.cc(73)] ReadMemory at 0x22a710ca2c0 of 66 bytes failed: Solo se completó una parte de una solicitud ReadProcessMemory o WriteProcessMemory. (0x12B)
[1224/004145.653:ERROR:process_memory_win.cc(73)] ReadMemory at 0x22a710ca4f0 of 58 bytes failed: Solo se completó una parte de una solicitud ReadProcessMemory o WriteProcessMemory. (0x12B)
[1224/004145.654:ERROR:process_memory_win.cc(73)] ReadMemory at 0x22a710ca8b0 of 62 bytes failed: Solo se completó una parte de una solicitud ReadProcessMemory o WriteProcessMemory. (0x12B)
[1224/004145.654:ERROR:process_memory_win.cc(73)] ReadMemory at 0x22a710ca9f0 of 62 bytes failed: Solo se completó una parte de una solicitud ReadProcessMemory o WriteProcessMemory. (0x12B)
[1224/004145.654:ERROR:process_memory_win.cc(73)] ReadMemory at 0x22a710cac20 of 60 bytes failed: Solo se completó una parte de una solicitud ReadProcessMemory o WriteProcessMemory. (0x12B)
[1224/004145.655:ERROR:process_memory_win.cc(73)] ReadMemory at 0x22a710cac70 of 60 bytes failed: Solo se completó una parte de una solicitud ReadProcessMemory o WriteProcessMemory. (0x12B)
[1224/004145.655:ERROR:process_memory_win.cc(73)] ReadMemory at 0x22a710cacc0 of 62 bytes failed: Solo se completó una parte de una solicitud ReadProcessMemory o WriteProcessMemory. (0x12B)
[1224/004145.655:ERROR:process_memory_win.cc(73)] ReadMemory at 0x22a710cad60 of 64 bytes failed: Solo se completó una parte de una solicitud ReadProcessMemory o WriteProcessMemory. (0x12B)
[1224/004145.655:ERROR:process_memory_win.cc(73)] ReadMemory at 0x22a710cadb0 of 60 bytes failed: Solo se completó una parte de una solicitud ReadProcessMemory o WriteProcessMemory. (0x12B)
[1224/004145.655:ERROR:process_memory_win.cc(73)] ReadMemory at 0x22a710cae00 of 62 bytes failed: Solo se completó una parte de una solicitud ReadProcessMemory o WriteProcessMemory. (0x12B)
[1224/004145.655:ERROR:process_memory_win.cc(73)] ReadMemory at 0x22a710cae50 of 64 bytes failed: Solo se completó una parte de una solicitud ReadProcessMemory o WriteProcessMemory. (0x12B)
[1224/004145.656:ERROR:process_memory_win.cc(73)] ReadMemory at 0x22a710caef0 of 62 bytes failed: Solo se completó una parte de una solicitud ReadProcessMemory o WriteProcessMemory. (0x12B)
[1224/004145.656:ERROR:process_memory_win.cc(73)] ReadMemory at 0x22a710caf40 of 64 bytes failed: Solo se completó una parte de una solicitud ReadProcessMemory o WriteProcessMemory. (0x12B)
[1224/004145.656:ERROR:process_memory_win.cc(73)] ReadMemory at 0x22a710caf90 of 62 bytes failed: Solo se completó una parte de una solicitud ReadProcessMemory o WriteProcessMemory. (0x12B)
[1224/004145.656:ERROR:process_memory_win.cc(73)] ReadMemory at 0x22a710cb080 of 64 bytes failed: Solo se completó una parte de una solicitud ReadProcessMemory o WriteProcessMemory. (0x12B)
[1224/004145.656:ERROR:process_memory_win.cc(73)] ReadMemory at 0x22a710cb0d0 of 62 bytes failed: Solo se completó una parte de una solicitud ReadProcessMemory o WriteProcessMemory. (0x12B)
[1224/004145.656:ERROR:process_memory_win.cc(73)] ReadMemory at 0x22a710cb120 of 62 bytes failed: Solo se completó una parte de una solicitud ReadProcessMemory o WriteProcessMemory. (0x12B)
[1224/004145.657:ERROR:process_memory_win.cc(73)] ReadMemory at 0x22a710cb1e0 of 132 bytes failed: Solo se completó una parte de una solicitud ReadProcessMemory o WriteProcessMemory. (0x12B)
[1224/004145.657:ERROR:process_memory_win.cc(73)] ReadMemory at 0x22a710cb440 of 132 bytes failed: Solo se completó una parte de una solicitud ReadProcessMemory o WriteProcessMemory. (0x12B)
[1224/004145.657:ERROR:process_memory_win.cc(73)] ReadMemory at 0x22a710cb570 of 132 bytes failed: Solo se completó una parte de una solicitud ReadProcessMemory o WriteProcessMemory. (0x12B)
[1224/004145.657:ERROR:process_memory_win.cc(73)] ReadMemory at 0x22a710cb6a0 of 132 bytes failed: Solo se completó una parte de una solicitud ReadProcessMemory o WriteProcessMemory. (0x12B)
[1224/004145.658:ERROR:process_memory_win.cc(73)] ReadMemory at 0x22a710cb7d0 of 132 bytes failed: Solo se completó una parte de una solicitud ReadProcessMemory o WriteProcessMemory. (0x12B)
[1224/004145.682:ERROR:process_memory_win.cc(73)] ReadMemory at 0x22a710cc020 of 132 bytes failed: Solo se completó una parte de una solicitud ReadProcessMemory o WriteProcessMemory. (0x12B)
[1224/004145.682:ERROR:process_memory_win.cc(73)] ReadMemory at 0x22a710cc4e0 of 132 bytes failed: Solo se completó una parte de una solicitud ReadProcessMemory o WriteProcessMemory. (0x12B)
[1224/004145.682:ERROR:process_memory_win.cc(73)] ReadMemory at 0x22a710cc870 of 132 bytes failed: Solo se completó una parte de una solicitud ReadProcessMemory o WriteProcessMemory. (0x12B)
[1224/004145.683:ERROR:process_memory_win.cc(73)] ReadMemory at 0x22a710ccad0 of 132 bytes failed: Solo se completó una parte de una solicitud ReadProcessMemory o WriteProcessMemory. (0x12B)
[1224/004145.683:ERROR:process_memory_win.cc(73)] ReadMemory at 0x22a710e18e0 of 512 bytes failed: Solo se completó una parte de una solicitud ReadProcessMemory o WriteProcessMemory. (0x12B)
[1224/004145.683:ERROR:process_memory_win.cc(73)] ReadMemory at 0x22a710e2680 of 512 bytes failed: Solo se completó una parte de una solicitud ReadProcessMemory o WriteProcessMemory. (0x12B)
[1224/004145.683:ERROR:process_memory_win.cc(73)] ReadMemory at 0x22a71643b70 of 512 bytes failed: Solo se completó una parte de una solicitud ReadProcessMemory o WriteProcessMemory. (0x12B)
[1224/004145.701:ERROR:process_memory_win.cc(73)] ReadMemory at 0x22a71651670 of 512 bytes failed: Solo se completó una parte de una solicitud ReadProcessMemory o WriteProcessMemory. (0x12B)
[1224/004145.702:ERROR:process_memory_win.cc(73)] ReadMemory at 0x22a7166a610 of 712 bytes failed: Solo se completó una parte de una solicitud ReadProcessMemory o WriteProcessMemory. (0x12B)
[1224/004145.702:ERROR:process_memory_win.cc(73)] ReadMemory at 0x22a7168caf8 of 512 bytes failed: Solo se completó una parte de una solicitud ReadProcessMemory o WriteProcessMemory. (0x12B)
[1224/004145.702:ERROR:process_memory_win.cc(73)] ReadMemory at 0x22a7168cee8 of 512 bytes failed: Solo se completó una parte de una solicitud ReadProcessMemory o WriteProcessMemory. (0x12B)
[1224/004145.702:ERROR:process_memory_win.cc(73)] ReadMemory at 0x22a7168d998 of 512 bytes failed: Solo se completó una parte de una solicitud ReadProcessMemory o WriteProcessMemory. (0x12B)
[1224/004145.702:ERROR:process_memory_win.cc(73)] ReadMemory at 0x22a7169f880 of 512 bytes failed: Solo se completó una parte de una solicitud ReadProcessMemory o WriteProcessMemory. (0x12B)
[1224/004145.702:ERROR:process_memory_win.cc(73)] ReadMemory at 0x22a74f031d0 of 512 bytes failed: Solo se completó una parte de una solicitud ReadProcessMemory o WriteProcessMemory. (0x12B)
[1224/004145.703:ERROR:process_memory_win.cc(73)] ReadMemory at 0x22a74f250f0 of 512 bytes failed: Solo se completó una parte de una solicitud ReadProcessMemory o WriteProcessMemory. (0x12B)
[1224/004145.703:ERROR:process_memory_win.cc(73)] ReadMemory at 0x22a754eab30 of 512 bytes failed: Solo se completó una parte de una solicitud ReadProcessMemory o WriteProcessMemory. (0x12B)
[1224/004145.703:ERROR:process_memory_win.cc(73)] ReadMemory at 0x22a757d1120 of 512 bytes failed: Solo se completó una parte de una solicitud ReadProcessMemory o WriteProcessMemory. (0x12B)
[1224/004145.703:ERROR:process_memory_win.cc(73)] ReadMemory at 0x22a758498e0 of 512 bytes failed: Solo se completó una parte de una solicitud ReadProcessMemory o WriteProcessMemory. (0x12B)
[1224/004145.703:ERROR:process_memory_win.cc(73)] ReadMemory at 0x22a758e2c40 of 512 bytes failed: Solo se completó una parte de una solicitud ReadProcessMemory o WriteProcessMemory. (0x12B)
[1224/004145.703:ERROR:process_memory_win.cc(73)] ReadMemory at 0x22a75921870 of 512 bytes failed: Solo se completó una parte de una solicitud ReadProcessMemory o WriteProcessMemory. (0x12B)
[1224/004145.703:ERROR:process_memory_win.cc(73)] ReadMemory at 0x22a77a76460 of 512 bytes failed: Solo se completó una parte de una solicitud ReadProcessMemory o WriteProcessMemory. (0x12B)
[1224/004145.704:ERROR:process_memory_win.cc(73)] ReadMemory at 0x6311bcd02c9 of 512 bytes failed: Solo se completó una parte de una solicitud ReadProcessMemory o WriteProcessMemory. (0x12B)
[1224/004145.704:ERROR:process_memory_win.cc(73)] ReadMemory at 0x134a481fec08 of 512 bytes failed: Solo se completó una parte de una solicitud ReadProcessMemory o WriteProcessMemory. (0x12B)
[1224/004145.704:ERROR:process_memory_win.cc(73)] ReadMemory at 0x13cc23ddb248 of 512 bytes failed: Solo se completó una parte de una solicitud ReadProcessMemory o WriteProcessMemory. (0x12B)
[1224/004145.704:ERROR:process_memory_win.cc(73)] ReadMemory at 0x2954d6f6dcb8 of 512 bytes failed: Solo se completó una parte de una solicitud ReadProcessMemory o WriteProcessMemory. (0x12B)
[1224/004145.704:ERROR:process_memory_win.cc(73)] ReadMemory at 0x3036ace22080 of 560 bytes failed: Solo se completó una parte de una solicitud ReadProcessMemory o WriteProcessMemory. (0x12B)
[1224/004145.704:ERROR:process_memory_win.cc(73)] ReadMemory at 0x3b85adc45578 of 512 bytes failed: Solo se completó una parte de una solicitud ReadProcessMemory o WriteProcessMemory. (0x12B)
[1224/004145.704:ERROR:process_memory_win.cc(73)] ReadMemory at 0x66129f4a1000 of 448 bytes failed: Solo se completó una parte de una solicitud ReadProcessMemory o WriteProcessMemory. (0x12B)
[1224/004145.705:ERROR:process_memory_win.cc(73)] ReadMemory at 0x66129f4bc6c0 of 512 bytes failed: Solo se completó una parte de una solicitud ReadProcessMemory o WriteProcessMemory. (0x12B)
[1224/004145.705:ERROR:process_memory_win.cc(73)] ReadMemory at 0x70dd525c4251 of 512 bytes failed: Solo se completó una parte de una solicitud ReadProcessMemory o WriteProcessMemory. (0x12B)
[1224/004145.705:ERROR:process_memory_win.cc(73)] ReadMemory at 0x7ff9526a0ec2 of 512 bytes failed: Solo se completó una parte de una solicitud ReadProcessMemory o WriteProcessMemory. (0x12B)
[1224/004145.751:ERROR:process_memory_win.cc(73)] ReadMemory at 0x7ff953ea922c of 512 bytes failed: Solo se completó una parte de una solicitud ReadProcessMemory o WriteProcessMemory. (0x12B)
[1224/004145.752:ERROR:process_memory_win.cc(73)] ReadMemory at 0x7ff956d05690 of 512 bytes failed: Solo se completó una parte de una solicitud ReadProcessMemory o WriteProcessMemory. (0x12B)
[1224/004145.752:ERROR:process_memory_win.cc(73)] ReadMemory at 0x7ff996027c41 of 512 bytes failed: Solo se completó una parte de una solicitud ReadProcessMemory o WriteProcessMemory. (0x12B)
[1224/004145.752:ERROR:process_memory_win.cc(73)] ReadMemory at 0x7ff99602843a of 512 bytes failed: Solo se completó una parte de una solicitud ReadProcessMemory o WriteProcessMemory. (0x12B)
[1224/004145.753:ERROR:process_memory_win.cc(73)] ReadMemory at 0x7ff9bfabc0c4 of 672 bytes failed: Solo se completó una parte de una solicitud ReadProcessMemory o WriteProcessMemory. (0x12B)
[1224/004145.753:ERROR:process_memory_win.cc(73)] ReadMemory at 0x7ff9bfabf974 of 608 bytes failed: Solo se completó una parte de una solicitud ReadProcessMemory o WriteProcessMemory. (0x12B)
[1224/004145.753:ERROR:process_memory_win.cc(73)] ReadMemory at 0x7ff9bfb4c428 of 18 bytes failed: Solo se completó una parte de una solicitud ReadProcessMemory o WriteProcessMemory. (0x12B)
[1224/004145.766:ERROR:process_memory_win.cc(73)] ReadMemory at 0x7ff9bfb7f4f8 of 40 bytes failed: Solo se completó una parte de una solicitud ReadProcessMemory o WriteProcessMemory. (0x12B)
[1224/004145.767:ERROR:process_memory_win.cc(73)] ReadMemory at 0x7ff9bfb7f978 of 48 bytes failed: Solo se completó una parte de una solicitud ReadProcessMemory o WriteProcessMemory. (0x12B)
[1224/004145.767:ERROR:process_memory_win.cc(73)] ReadMemory at 0x7ff9bfb853c0 of 64 bytes failed: Solo se completó una parte de una solicitud ReadProcessMemory o WriteProcessMemory. (0x12B)
[1224/004145.778:ERROR:scoped_process_suspend.cc(40)] NtResumeProcess: Se intentó obtener acceso a un proceso que está cerrándose. (0xc000010a)
[1224/004917.713:ERROR:process_memory_win.cc(73)] ReadMemory at 0x120693b4070 of 72 bytes failed: Solo se completó una parte de una solicitud ReadProcessMemory o WriteProcessMemory. (0x12B)
[1224/004918.019:WARNING:pe_image_annotations_reader.cc(134)] could not read annotations list object in C:\Program Files (x86)\BraveSoftware\Brave-Browser\Application\79.1.1.23\chrome_elf.dll
[1224/004918.058:ERROR:process_memory_win.cc(73)] ReadMemory at 0x1206947d120 of 72 bytes failed: Solo se completó una parte de una solicitud ReadProcessMemory o WriteProcessMemory. (0x12B)
[1224/004918.058:WARNING:pe_image_annotations_reader.cc(134)] could not read annotations list object in C:\Program Files (x86)\BraveSoftware\Brave-Browser\Application\79.1.1.23\chrome_child.dll
[1224/004918.300:ERROR:process_memory_win.cc(73)] ReadMemory at 0x120693b4070 of 72 bytes failed: Solo se completó una parte de una solicitud ReadProcessMemory o WriteProcessMemory. (0x12B)
[1224/004918.300:WARNING:pe_image_annotations_reader.cc(134)] could not read annotations list object in C:\Program Files (x86)\BraveSoftware\Brave-Browser\Application\79.1.1.23\chrome_elf.dll
[1224/004918.337:ERROR:process_memory_win.cc(73)] ReadMemory at 0x1206947d120 of 72 bytes failed: Solo se completó una parte de una solicitud ReadProcessMemory o WriteProcessMemory. (0x12B)
[1224/004918.337:WARNING:pe_image_annotations_reader.cc(134)] could not read annotations list object in C:\Program Files (x86)\BraveSoftware\Brave-Browser\Application\79.1.1.23\chrome_child.dll
[1224/004918.830:ERROR:process_memory_win.cc(73)] ReadMemory at 0x1b275f6000 of 40960 bytes failed: Solo se completó una parte de una solicitud ReadProcessMemory o WriteProcessMemory. (0x12B)
[1224/004918.830:ERROR:process_memory_win.cc(73)] ReadMemory at 0x1b27dfd000 of 12288 bytes failed: Solo se completó una parte de una solicitud ReadProcessMemory o WriteProcessMemory. (0x12B)
[1224/004918.830:ERROR:process_memory_win.cc(73)] ReadMemory at 0x1b285f6000 of 40960 bytes failed: Solo se completó una parte de una solicitud ReadProcessMemory o WriteProcessMemory. (0x12B)
[1224/004918.830:ERROR:process_memory_win.cc(73)] ReadMemory at 0x1b28dfc000 of 16384 bytes failed: Solo se completó una parte de una solicitud ReadProcessMemory o WriteProcessMemory. (0x12B)
[1224/004918.831:ERROR:process_memory_win.cc(73)] ReadMemory at 0x1b295fb000 of 20480 bytes failed: Solo se completó una parte de una solicitud ReadProcessMemory o WriteProcessMemory. (0x12B)
[1224/004918.831:ERROR:process_memory_win.cc(73)] ReadMemory at 0x1b29dfe000 of 8192 bytes failed: Solo se completó una parte de una solicitud ReadProcessMemory o WriteProcessMemory. (0x12B)
[1224/004918.831:ERROR:process_memory_win.cc(73)] ReadMemory at 0x1b2a5fd000 of 12288 bytes failed: Solo se completó una parte de una solicitud ReadProcessMemory o WriteProcessMemory. (0x12B)
[1224/004918.831:ERROR:process_memory_win.cc(73)] ReadMemory at 0x1b2adfb000 of 20480 bytes failed: Solo se completó una parte de una solicitud ReadProcessMemory o WriteProcessMemory. (0x12B)
[1224/004918.831:ERROR:process_memory_win.cc(73)] ReadMemory at 0x1b2b5fd000 of 12288 bytes failed: Solo se completó una parte de una solicitud ReadProcessMemory o WriteProcessMemory. (0x12B)
[1224/004918.831:ERROR:process_memory_win.cc(73)] ReadMemory at 0x1b2c5fd000 of 12288 bytes failed: Solo se completó una parte de una solicitud ReadProcessMemory o WriteProcessMemory. (0x12B)
[1224/004918.831:ERROR:process_memory_win.cc(73)] ReadMemory at 0x1b2cdfd000 of 12288 bytes failed: Solo se completó una parte de una solicitud ReadProcessMemory o WriteProcessMemory. (0x12B)
[1224/004918.831:ERROR:process_memory_win.cc(73)] ReadMemory at 0x1b2d5fd000 of 12288 bytes failed: Solo se completó una parte de una solicitud ReadProcessMemory o WriteProcessMemory. (0x12B)
[1224/004918.832:ERROR:process_memory_win.cc(73)] ReadMemory at 0x1b2bdfc000 of 16384 bytes failed: Solo se completó una parte de una solicitud ReadProcessMemory o WriteProcessMemory. (0x12B)
[1224/004918.996:ERROR:process_memory_win.cc(73)] ReadMemory at 0x1b2ddfc000 of 16384 bytes failed: Solo se completó una parte de una solicitud ReadProcessMemory o WriteProcessMemory. (0x12B)
[1224/004918.997:ERROR:process_memory_win.cc(73)] ReadMemory at 0x1b2e5fe000 of 8192 bytes failed: Solo se completó una parte de una solicitud ReadProcessMemory o WriteProcessMemory. (0x12B)
[1224/004919.202:ERROR:process_memory_win.cc(73)] ReadMemory at 0x1b26d21000 of 852 bytes failed: Solo se completó una parte de una solicitud ReadProcessMemory o WriteProcessMemory. (0x12B)
[1224/004919.276:ERROR:process_memory_win.cc(73)] ReadMemory at 0x1b26d22000 of 6024 bytes failed: Solo se completó una parte de una solicitud ReadProcessMemory o WriteProcessMemory. (0x12B)
[1224/004919.291:ERROR:process_memory_win.cc(73)] ReadMemory at 0x1b26d24000 of 6024 bytes failed: Solo se completó una parte de una solicitud ReadProcessMemory o WriteProcessMemory. (0x12B)
[1224/004919.299:ERROR:process_memory_win.cc(73)] ReadMemory at 0x1b26d26000 of 6024 bytes failed: Solo se completó una parte de una solicitud ReadProcessMemory o WriteProcessMemory. (0x12B)
[1224/004919.299:ERROR:process_memory_win.cc(73)] ReadMemory at 0x1b26d28000 of 6024 bytes failed: Solo se completó una parte de una solicitud ReadProcessMemory o WriteProcessMemory. (0x12B)
[1224/004919.299:ERROR:process_memory_win.cc(73)] ReadMemory at 0x1b26d2a000 of 6024 bytes failed: Solo se completó una parte de una solicitud ReadProcessMemory o WriteProcessMemory. (0x12B)
[1224/004919.299:ERROR:process_memory_win.cc(73)] ReadMemory at 0x1b26d2c000 of 6024 bytes failed: Solo se completó una parte de una solicitud ReadProcessMemory o WriteProcessMemory. (0x12B)
[1224/004919.299:ERROR:process_memory_win.cc(73)] ReadMemory at 0x1b26d2e000 of 6024 bytes failed: Solo se completó una parte de una solicitud ReadProcessMemory o WriteProcessMemory. (0x12B)
[1224/004919.299:ERROR:process_memory_win.cc(73)] ReadMemory at 0x1b26d30000 of 6024 bytes failed: Solo se completó una parte de una solicitud ReadProcessMemory o WriteProcessMemory. (0x12B)
[1224/004919.300:ERROR:process_memory_win.cc(73)] ReadMemory at 0x1b26d32000 of 6024 bytes failed: Solo se completó una parte de una solicitud ReadProcessMemory o WriteProcessMemory. (0x12B)
[1224/004919.300:ERROR:process_memory_win.cc(73)] ReadMemory at 0x1b26d36000 of 6024 bytes failed: Solo se completó una parte de una solicitud ReadProcessMemory o WriteProcessMemory. (0x12B)
[1224/004919.300:ERROR:process_memory_win.cc(73)] ReadMemory at 0x1b26d38000 of 6024 bytes failed: Solo se completó una parte de una solicitud ReadProcessMemory o WriteProcessMemory. (0x12B)
[1224/004919.302:ERROR:process_memory_win.cc(73)] ReadMemory at 0x1b26d3a000 of 6024 bytes failed: Solo se completó una parte de una solicitud ReadProcessMemory o WriteProcessMemory. (0x12B)
[1224/004919.302:ERROR:process_memory_win.cc(73)] ReadMemory at 0x1b26d3c000 of 6024 bytes failed: Solo se completó una parte de una solicitud ReadProcessMemory o WriteProcessMemory. (0x12B)
[1224/004919.302:ERROR:process_memory_win.cc(73)] ReadMemory at 0x1b26d3e000 of 6024 bytes failed: Solo se completó una parte de una solicitud ReadProcessMemory o WriteProcessMemory. (0x12B)
[1224/004919.302:ERROR:process_memory_win.cc(73)] ReadMemory at 0x1b26d40000 of 6024 bytes failed: Solo se completó una parte de una solicitud ReadProcessMemory o WriteProcessMemory. (0x12B)
[1224/004919.724:ERROR:process_memory_win.cc(73)] ReadMemory at 0x12068fd0fe0 of 15344 bytes failed: Solo se completó una parte de una solicitud ReadProcessMemory o WriteProcessMemory. (0x12B)
[1224/004919.805:ERROR:process_memory_win.cc(73)] ReadMemory at 0x12068fd4be0 of 1012 bytes failed: Solo se completó una parte de una solicitud ReadProcessMemory o WriteProcessMemory. (0x12B)
[1224/004919.935:ERROR:process_memory_win.cc(73)] ReadMemory at 0x12068fd5228 of 144 bytes failed: Solo se completó una parte de una solicitud ReadProcessMemory o WriteProcessMemory. (0x12B)
[1224/004919.968:ERROR:process_memory_win.cc(73)] ReadMemory at 0x12068fd52ba of 1656 bytes failed: Solo se completó una parte de una solicitud ReadProcessMemory o WriteProcessMemory. (0x12B)
[1224/004919.968:ERROR:process_memory_win.cc(73)] ReadMemory at 0x12068fd5934 of 144 bytes failed: Solo se completó una parte de una solicitud ReadProcessMemory o WriteProcessMemory. (0x12B)
[1224/004920.075:ERROR:process_memory_win.cc(73)] ReadMemory at 0x12068fd59c6 of 98 bytes failed: Solo se completó una parte de una solicitud ReadProcessMemory o WriteProcessMemory. (0x12B)
[1224/004920.075:ERROR:process_memory_win.cc(73)] ReadMemory at 0x12068fd5a40 of 58 bytes failed: Solo se completó una parte de una solicitud ReadProcessMemory o WriteProcessMemory. (0x12B)
[1224/004920.076:ERROR:process_memory_win.cc(73)] ReadMemory at 0x12068fd5b40 of 132 bytes failed: Solo se completó una parte de una solicitud ReadProcessMemory o WriteProcessMemory. (0x12B)
[1224/004920.076:ERROR:process_memory_win.cc(73)] ReadMemory at 0x12068fd5cd0 of 132 bytes failed: Solo se completó una parte de una solicitud ReadProcessMemory o WriteProcessMemory. (0x12B)
[1224/004920.076:ERROR:process_memory_win.cc(73)] ReadMemory at 0x12068fd5e90 of 146 bytes failed: Solo se completó una parte de una solicitud ReadProcessMemory o WriteProcessMemory. (0x12B)
[1224/004920.077:ERROR:process_memory_win.cc(73)] ReadMemory at 0x12068fd6270 of 132 bytes failed: Solo se completó una parte de una solicitud ReadProcessMemory o WriteProcessMemory. (0x12B)
[1224/004920.077:ERROR:process_memory_win.cc(73)] ReadMemory at 0x12068fd6400 of 64 bytes failed: Solo se completó una parte de una solicitud ReadProcessMemory o WriteProcessMemory. (0x12B)
[1224/004920.077:ERROR:process_memory_win.cc(73)] ReadMemory at 0x12068fd6450 of 132 bytes failed: Solo se completó una parte de una solicitud ReadProcessMemory o WriteProcessMemory. (0x12B)
[1224/004920.078:ERROR:process_memory_win.cc(73)] ReadMemory at 0x12068fd65d0 of 132 bytes failed: Solo se completó una parte de una solicitud ReadProcessMemory o WriteProcessMemory. (0x12B)
[1224/004920.078:ERROR:process_memory_win.cc(73)] ReadMemory at 0x12068fd6860 of 132 bytes failed: Solo se completó una parte de una solicitud ReadProcessMemory o WriteProcessMemory. (0x12B)
[1224/004920.078:ERROR:process_memory_win.cc(73)] ReadMemory at 0x12068fd69f0 of 68 bytes failed: Solo se completó una parte de una solicitud ReadProcessMemory o WriteProcessMemory. (0x12B)
[1224/004920.079:ERROR:process_memory_win.cc(73)] ReadMemory at 0x12068fd7c80 of 132 bytes failed: Solo se completó una parte de una solicitud ReadProcessMemory o WriteProcessMemory. (0x12B)
[1224/004920.079:ERROR:process_memory_win.cc(73)] ReadMemory at 0x12068fd7e10 of 174 bytes failed: Solo se completó una parte de una solicitud ReadProcessMemory o WriteProcessMemory. (0x12B)
[1224/004920.156:ERROR:process_memory_win.cc(73)] ReadMemory at 0x12068fd8ce0 of 62 bytes failed: Solo se completó una parte de una solicitud ReadProcessMemory o WriteProcessMemory. (0x12B)
[1224/004920.156:ERROR:process_memory_win.cc(73)] ReadMemory at 0x12068fd8d60 of 178 bytes failed: Solo se completó una parte de una solicitud ReadProcessMemory o WriteProcessMemory. (0x12B)
[1224/004920.156:ERROR:process_memory_win.cc(73)] ReadMemory at 0x12068fd8e40 of 132 bytes failed: Solo se completó una parte de una solicitud ReadProcessMemory o WriteProcessMemory. (0x12B)
[1224/004920.156:ERROR:process_memory_win.cc(73)] ReadMemory at 0x12068fd8fd0 of 60 bytes failed: Solo se completó una parte de una solicitud ReadProcessMemory o WriteProcessMemory. (0x12B)
[1224/004920.157:ERROR:process_memory_win.cc(73)] ReadMemory at 0x12068fd9c40 of 132 bytes failed: Solo se completó una parte de una solicitud ReadProcessMemory o WriteProcessMemory. (0x12B)
[1224/004920.157:ERROR:process_memory_win.cc(73)] ReadMemory at 0x12068fd9e50 of 132 bytes failed: Solo se completó una parte de una solicitud ReadProcessMemory o WriteProcessMemory. (0x12B)
[1224/004920.159:ERROR:process_memory_win.cc(73)] ReadMemory at 0x12068fda050 of 132 bytes failed: Solo se completó una parte de una solicitud ReadProcessMemory o WriteProcessMemory. (0x12B)
[1224/004920.303:ERROR:process_memory_win.cc(73)] ReadMemory at 0x12068fda180 of 132 bytes failed: Solo se completó una parte de una solicitud ReadProcessMemory o WriteProcessMemory. (0x12B)
[1224/004920.556:ERROR:process_memory_win.cc(73)] ReadMemory at 0x12068fdcd80 of 132 bytes failed: Solo se completó una parte de una solicitud ReadProcessMemory o WriteProcessMemory. (0x12B)
[1224/004920.556:ERROR:process_memory_win.cc(73)] ReadMemory at 0x12068fdcf10 of 80 bytes failed: Solo se completó una parte de una solicitud ReadProcessMemory o WriteProcessMemory. (0x12B)
[1224/004920.688:ERROR:process_memory_win.cc(73)] ReadMemory at 0x12068fdd170 of 60 bytes failed: Solo se completó una parte de una solicitud ReadProcessMemory o WriteProcessMemory. (0x12B)
[1224/004920.700:ERROR:process_memory_win.cc(73)] ReadMemory at 0x12068fdd350 of 62 bytes failed: Solo se completó una parte de una solicitud ReadProcessMemory o WriteProcessMemory. (0x12B)
[1224/004920.701:ERROR:process_memory_win.cc(73)] ReadMemory at 0x12068fdd3a0 of 64 bytes failed: Solo se completó una parte de una solicitud ReadProcessMemory o WriteProcessMemory. (0x12B)
[1224/004920.701:ERROR:process_memory_win.cc(73)] ReadMemory at 0x12068fdd3f0 of 66 bytes failed: Solo se completó una parte de una solicitud ReadProcessMemory o WriteProcessMemory. (0x12B)
[1224/004920.701:ERROR:process_memory_win.cc(73)] ReadMemory at 0x12068fdd490 of 64 bytes failed: Solo se completó una parte de una solicitud ReadProcessMemory o WriteProcessMemory. (0x12B)
[1224/004920.702:ERROR:process_memory_win.cc(73)] ReadMemory at 0x12068fdd4e0 of 62 bytes failed: Solo se completó una parte de una solicitud ReadProcessMemory o WriteProcessMemory. (0x12B)
[1224/004920.702:ERROR:process_memory_win.cc(73)] ReadMemory at 0x12068fdd580 of 60 bytes failed: Solo se completó una parte de una solicitud ReadProcessMemory o WriteProcessMemory. (0x12B)
[1224/004920.702:ERROR:process_memory_win.cc(73)] ReadMemory at 0x12068fdd5d0 of 64 bytes failed: Solo se completó una parte de una solicitud ReadProcessMemory o WriteProcessMemory. (0x12B)
[1224/004920.712:ERROR:process_memory_win.cc(73)] ReadMemory at 0x12068fdd620 of 64 bytes failed: Solo se completó una parte de una solicitud ReadProcessMemory o WriteProcessMemory. (0x12B)
[1224/004920.714:ERROR:process_memory_win.cc(73)] ReadMemory at 0x12068fddc70 of 132 bytes failed: Solo se completó una parte de una solicitud ReadProcessMemory o WriteProcessMemory. (0x12B)
[1224/004920.714:ERROR:process_memory_win.cc(73)] ReadMemory at 0x12068fddda0 of 132 bytes failed: Solo se completó una parte de una solicitud ReadProcessMemory o WriteProcessMemory. (0x12B)
[1224/004920.714:ERROR:process_memory_win.cc(73)] ReadMemory at 0x12068fdded0 of 132 bytes failed: Solo se completó una parte de una solicitud ReadProcessMemory o WriteProcessMemory. (0x12B)
[1224/004920.715:ERROR:process_memory_win.cc(73)] ReadMemory at 0x12068fde000 of 132 bytes failed: Solo se completó una parte de una solicitud ReadProcessMemory o WriteProcessMemory. (0x12B)
[1224/004920.715:ERROR:process_memory_win.cc(73)] ReadMemory at 0x12068fde260 of 132 bytes failed: Solo se completó una parte de una solicitud ReadProcessMemory o WriteProcessMemory. (0x12B)
[1224/004920.715:ERROR:process_memory_win.cc(73)] ReadMemory at 0x12068fde390 of 132 bytes failed: Solo se completó una parte de una solicitud ReadProcessMemory o WriteProcessMemory. (0x12B)
[1224/004920.716:ERROR:process_memory_win.cc(73)] ReadMemory at 0x12068fde4c0 of 132 bytes failed: Solo se completó una parte de una solicitud ReadProcessMemory o WriteProcessMemory. (0x12B)
[1224/004920.716:ERROR:process_memory_win.cc(73)] ReadMemory at 0x12068fde5f0 of 132 bytes failed: Solo se completó una parte de una solicitud ReadProcessMemory o WriteProcessMemory. (0x12B)
[1224/004920.716:ERROR:process_memory_win.cc(73)] ReadMemory at 0x12068fde720 of 132 bytes failed: Solo se completó una parte de una solicitud ReadProcessMemory o WriteProcessMemory. (0x12B)
[1224/004920.717:ERROR:process_memory_win.cc(73)] ReadMemory at 0x12068fde850 of 132 bytes failed: Solo se completó una parte de una solicitud ReadProcessMemory o WriteProcessMemory. (0x12B)
[1224/004920.717:ERROR:process_memory_win.cc(73)] ReadMemory at 0x12068fde980 of 132 bytes failed: Solo se completó una parte de una solicitud ReadProcessMemory o WriteProcessMemory. (0x12B)
[1224/004920.718:ERROR:process_memory_win.cc(73)] ReadMemory at 0x12068fdeab0 of 132 bytes failed: Solo se completó una parte de una solicitud ReadProcessMemory o WriteProcessMemory. (0x12B)
[1224/004920.718:ERROR:process_memory_win.cc(73)] ReadMemory at 0x12068fe0240 of 132 bytes failed: Solo se completó una parte de una solicitud ReadProcessMemory o WriteProcessMemory. (0x12B)
[1224/004920.752:ERROR:process_memory_win.cc(73)] ReadMemory at 0x12068fe2630 of 54 bytes failed: Solo se completó una parte de una solicitud ReadProcessMemory o WriteProcessMemory. (0x12B)
[1224/004920.890:ERROR:process_memory_win.cc(73)] ReadMemory at 0x12068fe32a0 of 132 bytes failed: Solo se completó una parte de una solicitud ReadProcessMemory o WriteProcessMemory. (0x12B)
[1224/004921.107:ERROR:process_memory_win.cc(73)] ReadMemory at 0x12068fe33d0 of 132 bytes failed: Solo se completó una parte de una solicitud ReadProcessMemory o WriteProcessMemory. (0x12B)
[1224/004921.272:ERROR:process_memory_win.cc(73)] ReadMemory at 0x12068fe39f0 of 132 bytes failed: Solo se completó una parte de una solicitud ReadProcessMemory o WriteProcessMemory. (0x12B)
[1224/004921.355:ERROR:process_memory_win.cc(73)] ReadMemory at 0x12068fe9640 of 76 bytes failed: Solo se completó una parte de una solicitud ReadProcessMemory o WriteProcessMemory. (0x12B)
[1224/004921.355:ERROR:process_memory_win.cc(73)] ReadMemory at 0x12068fea4a0 of 60 bytes failed: Solo se completó una parte de una solicitud ReadProcessMemory o WriteProcessMemory. (0x12B)
[1224/004921.744:ERROR:process_memory_win.cc(73)] ReadMemory at 0x12068fea630 of 60 bytes failed: Solo se completó una parte de una solicitud ReadProcessMemory o WriteProcessMemory. (0x12B)
[1224/004921.842:ERROR:process_memory_win.cc(73)] ReadMemory at 0x12068fea6d0 of 60 bytes failed: Solo se completó una parte de una solicitud ReadProcessMemory o WriteProcessMemory. (0x12B)
[1224/004922.294:ERROR:process_memory_win.cc(73)] ReadMemory at 0x12068fea770 of 64 bytes failed: Solo se completó una parte de una solicitud ReadProcessMemory o WriteProcessMemory. (0x12B)
[1224/004922.294:ERROR:process_memory_win.cc(73)] ReadMemory at 0x12068fea7c0 of 66 bytes failed: Solo se completó una parte de una solicitud ReadProcessMemory o WriteProcessMemory. (0x12B)
[1224/004922.295:ERROR:process_memory_win.cc(73)] ReadMemory at 0x12068fea8b0 of 62 bytes failed: Solo se completó una parte de una solicitud ReadProcessMemory o WriteProcessMemory. (0x12B)
[1224/004922.295:ERROR:process_memory_win.cc(73)] ReadMemory at 0x12068fea9a0 of 64 bytes failed: Solo se completó una parte de una solicitud ReadProcessMemory o WriteProcessMemory. (0x12B)
[1224/004922.295:ERROR:process_memory_win.cc(73)] ReadMemory at 0x12068fea9f0 of 58 bytes failed: Solo se completó una parte de una solicitud ReadProcessMemory o WriteProcessMemory. (0x12B)
[1224/004922.350:ERROR:process_memory_win.cc(73)] ReadMemory at 0x12068feaa40 of 62 bytes failed: Solo se completó una parte de una solicitud ReadProcessMemory o WriteProcessMemory. (0x12B)
[1224/004922.351:ERROR:process_memory_win.cc(73)] ReadMemory at 0x12068feaa90 of 62 bytes failed: Solo se completó una parte de una solicitud ReadProcessMemory o WriteProcessMemory. (0x12B)
[1224/004922.351:ERROR:process_memory_win.cc(73)] ReadMemory at 0x12068feab80 of 62 bytes failed: Solo se completó una parte de una solicitud ReadProcessMemory o WriteProcessMemory. (0x12B)
[1224/004922.351:ERROR:process_memory_win.cc(73)] ReadMemory at 0x12068feabd0 of 62 bytes failed: Solo se completó una parte de una solicitud ReadProcessMemory o WriteProcessMemory. (0x12B)
[1224/004922.365:ERROR:process_memory_win.cc(73)] ReadMemory at 0x12068feac20 of 62 bytes failed: Solo se completó una parte de una solicitud ReadProcessMemory o WriteProcessMemory. (0x12B)
[1224/004922.365:ERROR:process_memory_win.cc(73)] ReadMemory at 0x12068feac70 of 62 bytes failed: Solo se completó una parte de una solicitud ReadProcessMemory o WriteProcessMemory. (0x12B)
[1224/004922.398:ERROR:process_memory_win.cc(73)] ReadMemory at 0x12068feacc0 of 64 bytes failed: Solo se completó una parte de una solicitud ReadProcessMemory o WriteProcessMemory. (0x12B)
[1224/004922.399:ERROR:process_memory_win.cc(73)] ReadMemory at 0x12068fead60 of 60 bytes failed: Solo se completó una parte de una solicitud ReadProcessMemory o WriteProcessMemory. (0x12B)
[1224/004922.399:ERROR:process_memory_win.cc(73)] ReadMemory at 0x12068feaf90 of 62 bytes failed: Solo se completó una parte de una solicitud ReadProcessMemory o WriteProcessMemory. (0x12B)
[1224/004922.652:ERROR:process_memory_win.cc(73)] ReadMemory at 0x12068feb120 of 64 bytes failed: Solo se completó una parte de una solicitud ReadProcessMemory o WriteProcessMemory. (0x12B)
[1224/004922.653:ERROR:process_memory_win.cc(73)] ReadMemory at 0x12068febb60 of 132 bytes failed: Solo se completó una parte de una solicitud ReadProcessMemory o WriteProcessMemory. (0x12B)
[1224/004922.653:ERROR:process_memory_win.cc(73)] ReadMemory at 0x12068febc90 of 132 bytes failed: Solo se completó una parte de una solicitud ReadProcessMemory o WriteProcessMemory. (0x12B)
[1224/004922.654:ERROR:process_memory_win.cc(73)] ReadMemory at 0x12068febdc0 of 132 bytes failed: Solo se completó una parte de una solicitud ReadProcessMemory o WriteProcessMemory. (0x12B)
[1224/004922.654:ERROR:process_memory_win.cc(73)] ReadMemory at 0x12068febef0 of 132 bytes failed: Solo se completó una parte de una solicitud ReadProcessMemory o WriteProcessMemory. (0x12B)
[1224/004922.654:ERROR:process_memory_win.cc(73)] ReadMemory at 0x12068fec740 of 132 bytes failed: Solo se completó una parte de una solicitud ReadProcessMemory o WriteProcessMemory. (0x12B)
[1224/004922.655:ERROR:process_memory_win.cc(73)] ReadMemory at 0x12068fec870 of 132 bytes failed: Solo se completó una parte de una solicitud ReadProcessMemory o WriteProcessMemory. (0x12B)
[1224/004922.656:ERROR:process_memory_win.cc(73)] ReadMemory at 0x12068fec9a0 of 132 bytes failed: Solo se completó una parte de una solicitud ReadProcessMemory o WriteProcessMemory. (0x12B)
[1224/004922.656:ERROR:process_memory_win.cc(73)] ReadMemory at 0x12068fecad0 of 132 bytes failed: Solo se completó una parte de una solicitud ReadProcessMemory o WriteProcessMemory. (0x12B)
[1224/004922.656:ERROR:process_memory_win.cc(73)] ReadMemory at 0x12068fecf90 of 132 bytes failed: Solo se completó una parte de una solicitud ReadProcessMemory o WriteProcessMemory. (0x12B)
[1224/004922.837:ERROR:process_memory_win.cc(73)] ReadMemory at 0x12069001ac0 of 512 bytes failed: Solo se completó una parte de una solicitud ReadProcessMemory o WriteProcessMemory. (0x12B)
[1224/004922.837:ERROR:process_memory_win.cc(73)] ReadMemory at 0x120690027c0 of 512 bytes failed: Solo se completó una parte de una solicitud ReadProcessMemory o WriteProcessMemory. (0x12B)
[1224/004922.906:ERROR:process_memory_win.cc(73)] ReadMemory at 0x120694939f0 of 512 bytes failed: Solo se completó una parte de una solicitud ReadProcessMemory o WriteProcessMemory. (0x12B)
[1224/004923.532:ERROR:process_memory_win.cc(73)] ReadMemory at 0x120694a0a08 of 512 bytes failed: Solo se completó una parte de una solicitud ReadProcessMemory o WriteProcessMemory. (0x12B)
[1224/004923.625:ERROR:process_memory_win.cc(73)] ReadMemory at 0x120694a0c30 of 512 bytes failed: Solo se completó una parte de una solicitud ReadProcessMemory o WriteProcessMemory. (0x12B)
[1224/004923.845:ERROR:process_memory_win.cc(73)] ReadMemory at 0x120694bf9a0 of 712 bytes failed: Solo se completó una parte de una solicitud ReadProcessMemory o WriteProcessMemory. (0x12B)
[1224/004923.845:ERROR:process_memory_win.cc(73)] ReadMemory at 0x120694e1cc8 of 512 bytes failed: Solo se completó una parte de una solicitud ReadProcessMemory o WriteProcessMemory. (0x12B)
[1224/004923.845:ERROR:process_memory_win.cc(73)] ReadMemory at 0x120694e25c8 of 512 bytes failed: Solo se completó una parte de una solicitud ReadProcessMemory o WriteProcessMemory. (0x12B)
[1224/004923.846:ERROR:process_memory_win.cc(73)] ReadMemory at 0x120694e3a98 of 512 bytes failed: Solo se completó una parte de una solicitud ReadProcessMemory o WriteProcessMemory. (0x12B)
[1224/004923.847:ERROR:process_memory_win.cc(73)] ReadMemory at 0x12069555930 of 512 bytes failed: Solo se completó una parte de una solicitud ReadProcessMemory o WriteProcessMemory. (0x12B)
[1224/004923.847:ERROR:process_memory_win.cc(73)] ReadMemory at 0x12069556ab0 of 512 bytes failed: Solo se completó una parte de una solicitud ReadProcessMemory o WriteProcessMemory. (0x12B)
[1224/004923.847:ERROR:process_memory_win.cc(73)] ReadMemory at 0x1206ce64240 of 512 bytes failed: Solo se completó una parte de una solicitud ReadProcessMemory o WriteProcessMemory. (0x12B)
[1224/004923.848:ERROR:process_memory_win.cc(73)] ReadMemory at 0x1206ce89f40 of 512 bytes failed: Solo se completó una parte de una solicitud ReadProcessMemory o WriteProcessMemory. (0x12B)
[1224/004923.848:ERROR:process_memory_win.cc(73)] ReadMemory at 0x1206d370f20 of 512 bytes failed: Solo se completó una parte de una solicitud ReadProcessMemory o WriteProcessMemory. (0x12B)
[1224/004923.848:ERROR:process_memory_win.cc(73)] ReadMemory at 0x1206fda13b0 of 512 bytes failed: Solo se completó una parte de una solicitud ReadProcessMemory o WriteProcessMemory. (0x12B)
[1224/004923.849:ERROR:process_memory_win.cc(73)] ReadMemory at 0x245ba327ee80 of 512 bytes failed: Solo se completó una parte de una solicitud ReadProcessMemory o WriteProcessMemory. (0x12B)
[1224/004923.849:ERROR:process_memory_win.cc(73)] ReadMemory at 0x32025a600000 of 384 bytes failed: Solo se completó una parte de una solicitud ReadProcessMemory o WriteProcessMemory. (0x12B)
[1224/004923.849:ERROR:process_memory_win.cc(73)] ReadMemory at 0x3cd46ea00000 of 384 bytes failed: Solo se completó una parte de una solicitud ReadProcessMemory o WriteProcessMemory. (0x12B)
[1224/004923.850:ERROR:process_memory_win.cc(73)] ReadMemory at 0x409694a00000 of 384 bytes failed: Solo se completó una parte de una solicitud ReadProcessMemory o WriteProcessMemory. (0x12B)
[1224/004924.235:ERROR:scoped_process_suspend.cc(40)] NtResumeProcess: Se intentó obtener acceso a un proceso que está cerrándose. (0xc000010a)
